d:\sheridan\sem 5\game engineering\final\finalsubmit\finalprojectstarter_no_documentation (2)\finalprojectstarter_no_documentation\finalprojectstarter\debug\vc140.pdb
d:\sheridan\sem 5\game engineering\final\finalsubmit\finalprojectstarter_no_documentation (2)\finalprojectstarter_no_documentation\finalprojectstarter\debug\vc140.idb
d:\sheridan\sem 5\game engineering\final\finalsubmit\finalprojectstarter_no_documentation (2)\finalprojectstarter_no_documentation\finalprojectstarter\debug\animatedsprite.obj
d:\sheridan\sem 5\game engineering\final\finalsubmit\finalprojectstarter_no_documentation (2)\finalprojectstarter_no_documentation\finalprojectstarter\debug\birdentity.obj
d:\sheridan\sem 5\game engineering\final\finalsubmit\finalprojectstarter_no_documentation (2)\finalprojectstarter_no_documentation\finalprojectstarter\debug\spawnentity.obj
d:\sheridan\sem 5\game engineering\final\finalsubmit\finalprojectstarter_no_documentation (2)\finalprojectstarter_no_documentation\finalprojectstarter\debug\dragonentity.obj
d:\sheridan\sem 5\game engineering\final\finalsubmit\finalprojectstarter_no_documentation (2)\finalprojectstarter_no_documentation\finalprojectstarter\debug\fireballentity.obj
d:\sheridan\sem 5\game engineering\final\finalsubmit\finalprojectstarter_no_documentation (2)\finalprojectstarter_no_documentation\finalprojectstarter\debug\game.obj
d:\sheridan\sem 5\game engineering\final\finalsubmit\finalprojectstarter_no_documentation (2)\finalprojectstarter_no_documentation\finalprojectstarter\debug\gameevents.obj
d:\sheridan\sem 5\game engineering\final\finalsubmit\finalprojectstarter_no_documentation (2)\finalprojectstarter_no_documentation\finalprojectstarter\debug\genericentity.obj
d:\sheridan\sem 5\game engineering\final\finalsubmit\finalprojectstarter_no_documentation (2)\finalprojectstarter_no_documentation\finalprojectstarter\debug\main.obj
d:\sheridan\sem 5\game engineering\final\finalsubmit\finalprojectstarter_no_documentation (2)\finalprojectstarter_no_documentation\finalprojectstarter\debug\sprite.obj
d:\sheridan\sem 5\game engineering\final\finalsubmit\finalprojectstarter_no_documentation (2)\finalprojectstarter_no_documentation\finalprojectstarter\debug\texturemanager.obj
d:\sheridan\sem 5\game engineering\final\finalsubmit\finalprojectstarter_no_documentation (2)\finalprojectstarter_no_documentation\finalprojectstarter\debug\vector2f.obj
d:\sheridan\sem 5\game engineering\final\finalsubmit\finalprojectstarter_no_documentation (2)\finalprojectstarter_no_documentation\finalprojectstarter\debug\waveentity.obj
d:\sheridan\sem 5\game engineering\final\finalsubmit\finalprojectstarter_no_documentation (2)\finalprojectstarter_no_documentation\debug\finalprojectstarter.ilk
d:\sheridan\sem 5\game engineering\final\finalsubmit\finalprojectstarter_no_documentation (2)\finalprojectstarter_no_documentation\debug\finalprojectstarter.exe
d:\sheridan\sem 5\game engineering\final\finalsubmit\finalprojectstarter_no_documentation (2)\finalprojectstarter_no_documentation\debug\finalprojectstarter.pdb
d:\sheridan\sem 5\game engineering\final\finalsubmit\finalprojectstarter_no_documentation (2)\finalprojectstarter_no_documentation\finalprojectstarter\debug\finalpro.41cf6d6e.tlog\cl.command.1.tlog
d:\sheridan\sem 5\game engineering\final\finalsubmit\finalprojectstarter_no_documentation (2)\finalprojectstarter_no_documentation\finalprojectstarter\debug\finalpro.41cf6d6e.tlog\cl.read.1.tlog
d:\sheridan\sem 5\game engineering\final\finalsubmit\finalprojectstarter_no_documentation (2)\finalprojectstarter_no_documentation\finalprojectstarter\debug\finalpro.41cf6d6e.tlog\cl.write.1.tlog
d:\sheridan\sem 5\game engineering\final\finalsubmit\finalprojectstarter_no_documentation (2)\finalprojectstarter_no_documentation\finalprojectstarter\debug\finalpro.41cf6d6e.tlog\link.command.1.tlog
d:\sheridan\sem 5\game engineering\final\finalsubmit\finalprojectstarter_no_documentation (2)\finalprojectstarter_no_documentation\finalprojectstarter\debug\finalpro.41cf6d6e.tlog\link.read.1.tlog
d:\sheridan\sem 5\game engineering\final\finalsubmit\finalprojectstarter_no_documentation (2)\finalprojectstarter_no_documentation\finalprojectstarter\debug\finalpro.41cf6d6e.tlog\link.write.1.tlog
